Started GET "/" for 127.0.0.1 at 2022-06-21 21:58:43 -0700
  [1m[35m (1.6ms)[0m  [1m[34mSELECT sqlite_version(*)[0m
Processing by Rails::WelcomeController#index as HTML
  Rendering vendor/bundle/ruby/3.1.0/gems/railties-7.0.3/lib/rails/templates/rails/welcome/index.html.erb
  Rendered vendor/bundle/ruby/3.1.0/gems/railties-7.0.3/lib/rails/templates/rails/welcome/index.html.erb (Duration: 2.3ms | Allocations: 644)
Completed 200 OK in 17ms (Views: 7.3ms | ActiveRecord: 0.0ms | Allocations: 5018)


Started GET "/" for 127.0.0.1 at 2022-06-21 21:59:42 -0700
Processing by Rails::WelcomeController#index as HTML
  Rendering vendor/bundle/ruby/3.1.0/gems/railties-7.0.3/lib/rails/templates/rails/welcome/index.html.erb
  Rendered vendor/bundle/ruby/3.1.0/gems/railties-7.0.3/lib/rails/templates/rails/welcome/index.html.erb (Duration: 1.2ms | Allocations: 319)
Completed 200 OK in 4ms (Views: 2.6ms | ActiveRecord: 0.0ms | Allocations: 1036)


Started GET "/" for 127.0.0.1 at 2022-06-21 21:59:42 -0700
Processing by Rails::WelcomeController#index as HTML
  Rendering vendor/bundle/ruby/3.1.0/gems/railties-7.0.3/lib/rails/templates/rails/welcome/index.html.erb
  Rendered vendor/bundle/ruby/3.1.0/gems/railties-7.0.3/lib/rails/templates/rails/welcome/index.html.erb (Duration: 0.2ms | Allocations: 26)
Completed 200 OK in 2ms (Views: 1.0ms | ActiveRecord: 0.0ms | Allocations: 263)


Started GET "/" for 127.0.0.1 at 2022-06-21 21:59:42 -0700
Processing by Rails::WelcomeController#index as HTML
  Rendering vendor/bundle/ruby/3.1.0/gems/railties-7.0.3/lib/rails/templates/rails/welcome/index.html.erb
  Rendered vendor/bundle/ruby/3.1.0/gems/railties-7.0.3/lib/rails/templates/rails/welcome/index.html.erb (Duration: 0.1ms | Allocations: 26)
Completed 200 OK in 1ms (Views: 0.7ms | ActiveRecord: 0.0ms | Allocations: 237)


Started GET "/" for 127.0.0.1 at 2022-06-21 21:59:43 -0700
Processing by Rails::WelcomeController#index as HTML
  Rendering vendor/bundle/ruby/3.1.0/gems/railties-7.0.3/lib/rails/templates/rails/welcome/index.html.erb
  Rendered vendor/bundle/ruby/3.1.0/gems/railties-7.0.3/lib/rails/templates/rails/welcome/index.html.erb (Duration: 0.1ms | Allocations: 26)
Completed 200 OK in 1ms (Views: 0.5ms | ActiveRecord: 0.0ms | Allocations: 237)


Started GET "/" for 127.0.0.1 at 2022-06-21 21:59:43 -0700
Processing by Rails::WelcomeController#index as HTML
  Rendering vendor/bundle/ruby/3.1.0/gems/railties-7.0.3/lib/rails/templates/rails/welcome/index.html.erb
  Rendered vendor/bundle/ruby/3.1.0/gems/railties-7.0.3/lib/rails/templates/rails/welcome/index.html.erb (Duration: 0.1ms | Allocations: 26)
Completed 200 OK in 1ms (Views: 0.4ms | ActiveRecord: 0.0ms | Allocations: 237)


Started GET "/" for 127.0.0.1 at 2022-06-21 21:59:43 -0700
Processing by Rails::WelcomeController#index as HTML
  Rendering vendor/bundle/ruby/3.1.0/gems/railties-7.0.3/lib/rails/templates/rails/welcome/index.html.erb
  Rendered vendor/bundle/ruby/3.1.0/gems/railties-7.0.3/lib/rails/templates/rails/welcome/index.html.erb (Duration: 0.2ms | Allocations: 26)
Completed 200 OK in 2ms (Views: 1.0ms | ActiveRecord: 0.0ms | Allocations: 237)


Started GET "/" for 127.0.0.1 at 2022-06-21 21:59:43 -0700
Processing by Rails::WelcomeController#index as HTML
  Rendering vendor/bundle/ruby/3.1.0/gems/railties-7.0.3/lib/rails/templates/rails/welcome/index.html.erb
  Rendered vendor/bundle/ruby/3.1.0/gems/railties-7.0.3/lib/rails/templates/rails/welcome/index.html.erb (Duration: 0.2ms | Allocations: 26)
Completed 200 OK in 2ms (Views: 1.0ms | ActiveRecord: 0.0ms | Allocations: 237)


Started GET "/" for 127.0.0.1 at 2022-06-21 21:59:43 -0700
Processing by Rails::WelcomeController#index as HTML
  Rendering vendor/bundle/ruby/3.1.0/gems/railties-7.0.3/lib/rails/templates/rails/welcome/index.html.erb
  Rendered vendor/bundle/ruby/3.1.0/gems/railties-7.0.3/lib/rails/templates/rails/welcome/index.html.erb (Duration: 0.2ms | Allocations: 26)
Completed 200 OK in 1ms (Views: 0.8ms | ActiveRecord: 0.0ms | Allocations: 237)


Started GET "/" for 127.0.0.1 at 2022-06-21 21:59:44 -0700
Processing by Rails::WelcomeController#index as HTML
  Rendering vendor/bundle/ruby/3.1.0/gems/railties-7.0.3/lib/rails/templates/rails/welcome/index.html.erb
  Rendered vendor/bundle/ruby/3.1.0/gems/railties-7.0.3/lib/rails/templates/rails/welcome/index.html.erb (Duration: 0.2ms | Allocations: 26)
Completed 200 OK in 1ms (Views: 0.9ms | ActiveRecord: 0.0ms | Allocations: 237)


Started GET "/" for 127.0.0.1 at 2022-06-21 21:59:44 -0700
Processing by Rails::WelcomeController#index as HTML
  Rendering vendor/bundle/ruby/3.1.0/gems/railties-7.0.3/lib/rails/templates/rails/welcome/index.html.erb
  Rendered vendor/bundle/ruby/3.1.0/gems/railties-7.0.3/lib/rails/templates/rails/welcome/index.html.erb (Duration: 0.2ms | Allocations: 26)
Completed 200 OK in 2ms (Views: 1.0ms | ActiveRecord: 0.0ms | Allocations: 237)


Started GET "/" for 127.0.0.1 at 2022-06-21 21:59:44 -0700
Processing by Rails::WelcomeController#index as HTML
  Rendering vendor/bundle/ruby/3.1.0/gems/railties-7.0.3/lib/rails/templates/rails/welcome/index.html.erb
  Rendered vendor/bundle/ruby/3.1.0/gems/railties-7.0.3/lib/rails/templates/rails/welcome/index.html.erb (Duration: 0.2ms | Allocations: 26)
Completed 200 OK in 2ms (Views: 1.3ms | ActiveRecord: 0.0ms | Allocations: 237)


Started GET "/" for 127.0.0.1 at 2022-06-21 21:59:44 -0700
Processing by Rails::WelcomeController#index as HTML
  Rendering vendor/bundle/ruby/3.1.0/gems/railties-7.0.3/lib/rails/templates/rails/welcome/index.html.erb
  Rendered vendor/bundle/ruby/3.1.0/gems/railties-7.0.3/lib/rails/templates/rails/welcome/index.html.erb (Duration: 0.3ms | Allocations: 26)
Completed 200 OK in 1ms (Views: 0.9ms | ActiveRecord: 0.0ms | Allocations: 237)


Started GET "/" for 127.0.0.1 at 2022-06-21 21:59:44 -0700
Processing by Rails::WelcomeController#index as HTML
  Rendering vendor/bundle/ruby/3.1.0/gems/railties-7.0.3/lib/rails/templates/rails/welcome/index.html.erb
  Rendered vendor/bundle/ruby/3.1.0/gems/railties-7.0.3/lib/rails/templates/rails/welcome/index.html.erb (Duration: 0.1ms | Allocations: 26)
Completed 200 OK in 1ms (Views: 0.7ms | ActiveRecord: 0.0ms | Allocations: 237)


Started GET "/" for 127.0.0.1 at 2022-06-21 21:59:45 -0700
Processing by Rails::WelcomeController#index as HTML
  Rendering vendor/bundle/ruby/3.1.0/gems/railties-7.0.3/lib/rails/templates/rails/welcome/index.html.erb
  Rendered vendor/bundle/ruby/3.1.0/gems/railties-7.0.3/lib/rails/templates/rails/welcome/index.html.erb (Duration: 0.1ms | Allocations: 26)
Completed 200 OK in 1ms (Views: 0.9ms | ActiveRecord: 0.0ms | Allocations: 237)


Started GET "/" for 127.0.0.1 at 2022-06-21 22:04:11 -0700
  [1m[35m (0.6ms)[0m  [1m[34mSELECT sqlite_version(*)[0m
Processing by Rails::WelcomeController#index as HTML
  Rendering vendor/bundle/ruby/3.1.0/gems/railties-7.0.3/lib/rails/templates/rails/welcome/index.html.erb
  Rendered vendor/bundle/ruby/3.1.0/gems/railties-7.0.3/lib/rails/templates/rails/welcome/index.html.erb (Duration: 2.3ms | Allocations: 536)
Completed 200 OK in 12ms (Views: 4.9ms | ActiveRecord: 0.0ms | Allocations: 3693)


Started GET "/articles" for 127.0.0.1 at 2022-06-21 22:04:19 -0700
Processing by ArticlesController#index as HTML
  Rendering layout layouts/application.html.erb
  Rendering articles/index.html.erb within layouts/application
  Rendered articles/index.html.erb within layouts/application (Duration: 0.6ms | Allocations: 149)
  Rendered layout layouts/application.html.erb (Duration: 202.7ms | Allocations: 69812)
Completed 200 OK in 205ms (Views: 204.5ms | ActiveRecord: 0.0ms | Allocations: 70855)


Started GET "/" for 127.0.0.1 at 2022-06-21 22:28:29 -0700
  
ActionController::RoutingError (uninitialized constant ArticleController

      Object.const_get(camel_cased_word)
            ^^^^^^^^^^
Did you mean?  ArticlesController

            raise MissingController.new(error.message, error.name)
            ^^^^^):
  
Started GET "/articles" for 127.0.0.1 at 2022-06-21 22:29:27 -0700
Processing by ArticlesController#index as HTML
  Rendering layout layouts/application.html.erb
  Rendering articles/index.html.erb within layouts/application
  Rendered articles/index.html.erb within layouts/application (Duration: 0.1ms | Allocations: 26)
  Rendered layout layouts/application.html.erb (Duration: 2.8ms | Allocations: 1466)
Completed 200 OK in 4ms (Views: 4.1ms | Allocations: 2101)


Started GET "/articles" for 127.0.0.1 at 2022-06-21 22:29:29 -0700
Processing by ArticlesController#index as HTML
  Rendering layout layouts/application.html.erb
  Rendering articles/index.html.erb within layouts/application
  Rendered articles/index.html.erb within layouts/application (Duration: 0.1ms | Allocations: 18)
  Rendered layout layouts/application.html.erb (Duration: 3.0ms | Allocations: 1208)
Completed 200 OK in 4ms (Views: 3.7ms | Allocations: 1479)


Started GET "/" for 127.0.0.1 at 2022-06-21 22:30:14 -0700
Processing by ArticlesController#index as HTML
  Rendering layout layouts/application.html.erb
  Rendering articles/index.html.erb within layouts/application
  Rendered articles/index.html.erb within layouts/application (Duration: 0.1ms | Allocations: 26)
  Rendered layout layouts/application.html.erb (Duration: 2.8ms | Allocations: 1481)
Completed 200 OK in 4ms (Views: 3.9ms | Allocations: 2111)


